# JRE version: Java(TM) SE Runtime Environment (12.0.2+10) (build 12.0.2+10)
# Java VM: Java HotSpot(TM) 64-Bit Server VM (12.0.2+10, mixed mode, sharing, tiered, compressed oops, g1 gc, windows-amd64)
Heap:
 garbage-first heap   total 43008K, used 11990K [0x0000000081400000, 0x0000000100000000)
  region size 1024K, 1 young (1024K), 1 survivors (1024K)
 Metaspace       used 8755K, capacity 11423K, committed 11648K, reserved 1058816K
  class space    used 1024K, capacity 1324K, committed 1408K, reserved 1048576K
GC Heap History (10 events):
Event: 0.671 GC heap before
{Heap before GC invocations=14 (full 0):
 garbage-first heap   total 19456K, used 10000K [0x0000000081400000, 0x0000000100000000)
  region size 1024K, 2 young (2048K), 1 survivors (1024K)
 Metaspace       used 8271K, capacity 11167K, committed 11392K, reserved 1058816K
  class space    used 978K, capacity 1304K, committed 1408K, reserved 1048576K
}
Event: 0.671 GC heap after
{Heap after GC invocations=15 (full 0):
 garbage-first heap   total 19456K, used 8910K [0x0000000081400000, 0x0000000100000000)
  region size 1024K, 1 young (1024K), 1 survivors (1024K)
 Metaspace       used 8271K, capacity 11167K, committed 11392K, reserved 1058816K
  class space    used 978K, capacity 1304K, committed 1408K, reserved 1048576K
}
Event: 0.695 GC heap before
{Heap before GC invocations=15 (full 0):
 garbage-first heap   total 19456K, used 10958K [0x0000000081400000, 0x0000000100000000)
  region size 1024K, 3 young (3072K), 1 survivors (1024K)
 Metaspace       used 8345K, capacity 11253K, committed 11392K, reserved 1058816K
  class space    used 989K, capacity 1312K, committed 1408K, reserved 1048576K
}
Event: 0.696 GC heap after
{Heap after GC invocations=16 (full 0):
 garbage-first heap   total 24576K, used 9214K [0x0000000081400000, 0x0000000100000000)
  region size 1024K, 1 young (1024K), 1 survivors (1024K)
 Metaspace       used 8345K, capacity 11253K, committed 11392K, reserved 1058816K
  class space    used 989K, capacity 1312K, committed 1408K, reserved 1048576K
}
Event: 0.772 GC heap before
{Heap before GC invocations=17 (full 0):
 garbage-first heap   total 24576K, used 14334K [0x0000000081400000, 0x0000000100000000)
  region size 1024K, 6 young (6144K), 1 survivors (1024K)
 Metaspace       used 8666K, capacity 11404K, committed 11648K, reserved 1058816K
  class space    used 1014K, capacity 1318K, committed 1408K, reserved 1048576K
}
Event: 0.774 GC heap after
{Heap after GC invocations=18 (full 0):
 garbage-first heap   total 24576K, used 9895K [0x0000000081400000, 0x0000000100000000)
  region size 1024K, 1 young (1024K), 1 survivors (1024K)
 Metaspace       used 8666K, capacity 11404K, committed 11648K, reserved 1058816K
  class space    used 1014K, capacity 1318K, committed 1408K, reserved 1048576K
}
Event: 0.791 GC heap before
{Heap before GC invocations=18 (full 0):
 garbage-first heap   total 24576K, used 15015K [0x0000000081400000, 0x0000000100000000)
  region size 1024K, 6 young (6144K), 1 survivors (1024K)
 Metaspace       used 8702K, capacity 11404K, committed 11648K, reserved 1058816K
  class space    used 1019K, capacity 1318K, committed 1408K, reserved 1048576K
}
Event: 0.794 GC heap after
{Heap after GC invocations=19 (full 0):
 garbage-first heap   total 24576K, used 10634K [0x0000000081400000, 0x0000000100000000)
  region size 1024K, 1 young (1024K), 1 survivors (1024K)
 Metaspace       used 8702K, capacity 11404K, committed 11648K, reserved 1058816K
  class space    used 1019K, capacity 1318K, committed 1408K, reserved 1048576K
}
Event: 0.806 GC heap before
{Heap before GC invocations=19 (full 0):
 garbage-first heap   total 24576K, used 15754K [0x0000000081400000, 0x0000000100000000)
  region size 1024K, 6 young (6144K), 1 survivors (1024K)
 Metaspace       used 8708K, capacity 11404K, committed 11648K, reserved 1058816K
  class space    used 1019K, capacity 1318K, committed 1408K, reserved 1048576K
}
Event: 0.809 GC heap after
{Heap after GC invocations=20 (full 0):
 garbage-first heap   total 24576K, used 11359K [0x0000000081400000, 0x0000000100000000)
  region size 1024K, 1 young (1024K), 1 survivors (1024K)
 Metaspace       used 8708K, capacity 11404K, committed 11648K, reserved 1058816K
  class space    used 1019K, capacity 1318K, committed 1408K, reserved 1048576K
}

