# JRE version: Java(TM) SE Runtime Environment (12.0.2+10) (build 12.0.2+10)
# Java VM: Java HotSpot(TM) 64-Bit Server VM (12.0.2+10, mixed mode, sharing, tiered, compressed oops, g1 gc, windows-amd64)
Heap:
 garbage-first heap   total 24576K, used 9681K [0x0000000081400000, 0x0000000100000000)
  region size 1024K, 1 young (1024K), 1 survivors (1024K)
 Metaspace       used 8558K, capacity 11269K, committed 11392K, reserved 1058816K
  class space    used 1006K, capacity 1317K, committed 1408K, reserved 1048576K
GC Heap History (10 events):
Event: 0.551 GC heap after
{Heap after GC invocations=8 (full 0):
 garbage-first heap   total 10240K, used 6027K [0x0000000081400000, 0x0000000100000000)
  region size 1024K, 1 young (1024K), 1 survivors (1024K)
 Metaspace       used 8193K, capacity 11102K, committed 11392K, reserved 1058816K
  class space    used 979K, capacity 1304K, committed 1408K, reserved 1048576K
}
Event: 0.579 GC heap before
{Heap before GC invocations=9 (full 0):
 garbage-first heap   total 14336K, used 7051K [0x0000000081400000, 0x0000000100000000)
  region size 1024K, 2 young (2048K), 1 survivors (1024K)
 Metaspace       used 8232K, capacity 11102K, committed 11392K, reserved 1058816K
  class space    used 979K, capacity 1304K, committed 1408K, reserved 1048576K
}
Event: 0.580 GC heap after
{Heap after GC invocations=10 (full 0):
 garbage-first heap   total 18432K, used 6450K [0x0000000081400000, 0x0000000100000000)
  region size 1024K, 1 young (1024K), 1 survivors (1024K)
 Metaspace       used 8232K, capacity 11102K, committed 11392K, reserved 1058816K
  class space    used 979K, capacity 1304K, committed 1408K, reserved 1048576K
}
Event: 0.619 GC heap before
{Heap before GC invocations=10 (full 0):
 garbage-first heap   total 18432K, used 10546K [0x0000000081400000, 0x0000000100000000)
  region size 1024K, 4 young (4096K), 1 survivors (1024K)
 Metaspace       used 8261K, capacity 11102K, committed 11392K, reserved 1058816K
  class space    used 979K, capacity 1304K, committed 1408K, reserved 1048576K
}
Event: 0.622 GC heap after
{Heap after GC invocations=11 (full 0):
 garbage-first heap   total 18432K, used 8889K [0x0000000081400000, 0x0000000100000000)
  region size 1024K, 1 young (1024K), 1 survivors (1024K)
 Metaspace       used 8261K, capacity 11102K, committed 11392K, reserved 1058816K
  class space    used 979K, capacity 1304K, committed 1408K, reserved 1048576K
}
Event: 0.650 GC heap before
{Heap before GC invocations=11 (full 0):
 garbage-first heap   total 18432K, used 10937K [0x0000000081400000, 0x0000000100000000)
  region size 1024K, 3 young (3072K), 1 survivors (1024K)
 Metaspace       used 8283K, capacity 11169K, committed 11392K, reserved 1058816K
  class space    used 981K, capacity 1305K, committed 1408K, reserved 1048576K
}
Event: 0.651 GC heap after
{Heap after GC invocations=12 (full 0):
 garbage-first heap   total 18432K, used 9199K [0x0000000081400000, 0x0000000100000000)
  region size 1024K, 1 young (1024K), 1 survivors (1024K)
 Metaspace       used 8283K, capacity 11169K, committed 11392K, reserved 1058816K
  class space    used 981K, capacity 1305K, committed 1408K, reserved 1048576K
}
Event: 0.705 GC heap before
{Heap before GC invocations=12 (full 0):
 garbage-first heap   total 18432K, used 11247K [0x0000000081400000, 0x0000000100000000)
  region size 1024K, 3 young (3072K), 1 survivors (1024K)
 Metaspace       used 8371K, capacity 11252K, committed 11392K, reserved 1058816K
  class space    used 990K, capacity 1312K, committed 1408K, reserved 1048576K
}
Event: 0.706 GC heap after
{Heap after GC invocations=13 (full 0):
 garbage-first heap   total 18432K, used 9477K [0x0000000081400000, 0x0000000100000000)
  region size 1024K, 1 young (1024K), 1 survivors (1024K)
 Metaspace       used 8371K, capacity 11252K, committed 11392K, reserved 1058816K
  class space    used 990K, capacity 1312K, committed 1408K, reserved 1048576K
}
Event: 0.768 GC heap before
{Heap before GC invocations=14 (full 0):
 garbage-first heap   total 19456K, used 11525K [0x0000000081400000, 0x0000000100000000)
  region size 1024K, 3 young (3072K), 1 survivors (1024K)
 Metaspace       used 8558K, capacity 11269K, committed 11392K, reserved 1058816K
  class space    used 1006K, capacity 1317K, committed 1408K, reserved 1048576K
}

